[2021-03-12 23:03:42] slim-app.INFO: Ruta per defecte [] {"uid":"c6efee5"}
[2021-03-13 23:16:52] slim-app.INFO: Establiments - GET - getAll [] {"uid":"62e0309"}
[2021-03-13 23:18:31] slim-app.INFO: Establiments - GET - getAll [] {"uid":"7a8599d"}
[2021-03-13 23:19:29] slim-app.INFO: Establiments - GET - getAll [] {"uid":"1c33d23"}
[2021-03-13 23:19:52] slim-app.INFO: Establiments - GET - getAll [] {"uid":"83401f0"}
[2021-03-13 23:20:03] slim-app.INFO: Establiments - GET - getAll [] {"uid":"201695b"}
[2021-03-13 23:20:12] slim-app.INFO: Establiments - GET - getAll [] {"uid":"e85eb50"}
[2021-03-13 23:21:10] slim-app.INFO: Establiments - GET - getAll [] {"uid":"63e8e52"}
[2021-03-13 23:21:41] slim-app.INFO: Establiments - GET - getAll [] {"uid":"320e0d0"}
[2021-03-13 23:22:02] slim-app.INFO: Establiments - GET - getAll [] {"uid":"cbb6492"}
[2021-03-13 23:22:30] slim-app.INFO: Establiments - GET - getAll [] {"uid":"d32d948"}
[2021-03-13 23:22:37] slim-app.INFO: Establiments - GET - getAll [] {"uid":"2b5f86a"}
[2021-03-13 23:24:11] slim-app.INFO: Establiments - GET - getAll [] {"uid":"4ef6aa9"}
[2021-03-13 23:25:07] slim-app.INFO: Establiments - GET - getAll [] {"uid":"12be5e9"}
[2021-03-13 23:25:48] slim-app.INFO: Establiments - GET - getAll [] {"uid":"a866557"}
[2021-03-13 23:25:55] slim-app.INFO: Establiments - GET - getAll [] {"uid":"8947633"}
[2021-03-13 23:28:18] slim-app.INFO: Establiments - GET - getAll [] {"uid":"5a6cc70"}
[2021-03-13 23:28:35] slim-app.INFO: Establiments - GET - getAll [] {"uid":"dfa71fc"}
[2021-03-13 23:29:46] slim-app.INFO: Establiments - GET - getAll [] {"uid":"87b0cf2"}
[2021-03-13 23:30:11] slim-app.INFO: Establiments - GET - getAll [] {"uid":"f790eff"}
[2021-03-13 23:30:38] slim-app.INFO: Establiments - GET - getAll [] {"uid":"7c140fb"}
[2021-03-13 23:31:11] slim-app.INFO: Establiments - GET - getAll [] {"uid":"5801d1d"}
[2021-03-13 23:34:35] slim-app.INFO: Establiments - GET - getAll [] {"uid":"6af9a17"}
[2021-03-13 23:34:58] slim-app.INFO: Establiments - GET - getAll [] {"uid":"f1d8f77"}
[2021-03-13 23:34:59] slim-app.INFO: Establiments - GET - getAll [] {"uid":"5087117"}
[2021-03-13 23:35:19] slim-app.INFO: Establiments - GET - getAll [] {"uid":"c39b394"}
[2021-03-13 23:36:13] slim-app.INFO: Establiments - GET - getAll [] {"uid":"4a3e308"}
[2021-03-13 23:40:04] slim-app.INFO: Establiments - GET - getAll [] {"uid":"ba37f35"}
[2021-03-13 23:41:34] slim-app.INFO: Establiments - GET - getAll [] {"uid":"b639ec5"}
[2021-03-13 23:41:35] slim-app.INFO: Establiments - GET - getAll [] {"uid":"e1bc126"}
[2021-03-13 23:41:35] slim-app.INFO: Establiments - GET - getAll [] {"uid":"335e84b"}
[2021-03-13 23:41:36] slim-app.INFO: Establiments - GET - getAll [] {"uid":"d31521e"}
[2021-03-13 23:41:59] slim-app.INFO: Establiments - GET - getAll [] {"uid":"13f6740"}
[2021-03-13 23:42:19] slim-app.INFO: Establiments - GET - getAll [] {"uid":"9ad1aff"}
[2021-03-13 23:44:31] slim-app.INFO: Establiments - GET - getAll [] {"uid":"cb381a5"}
[2021-03-13 23:45:54] slim-app.INFO: Establiments - GET - getAll [] {"uid":"afee654"}
[2021-03-13 23:48:29] slim-app.INFO: Establiments - GET - getAll [] {"uid":"8dbb084"}
[2021-03-13 23:49:23] slim-app.INFO: Establiments - GET - getAll [] {"uid":"d84537a"}
[2021-03-13 23:50:27] slim-app.INFO: Establiments - GET - getAll [] {"uid":"8e0e3ee"}
[2021-03-13 23:54:21] slim-app.INFO: Establiments - GET - getAll [] {"uid":"6b36c09"}
[2021-03-13 23:55:06] slim-app.INFO: Establiments - GET - getAll [] {"uid":"dc71bc9"}
[2021-03-13 23:55:14] slim-app.INFO: Establiments - GET - getAll [] {"uid":"ce1e86a"}
[2021-03-13 23:58:27] slim-app.INFO: Establiments - GET - getAll [] {"uid":"8011a40"}
[2021-03-13 23:58:40] slim-app.INFO: Establiments - GET - getAll [] {"uid":"ada3ed7"}
[2021-03-13 23:58:51] slim-app.INFO: Establiments - GET - getAll [] {"uid":"eac1804"}
[2021-03-13 23:59:25] slim-app.INFO: Establiments - GET - getAll [] {"uid":"07b2aa5"}
[2021-03-13 23:59:33] slim-app.INFO: Establiments - GET - getAll [] {"uid":"af1481a"}
[2021-03-14 00:14:54] slim-app.INFO: Establiments - GET - getAll [] {"uid":"e610e87"}
[2021-03-14 00:17:25] slim-app.INFO: Establiments - GET - getAll [] {"uid":"4aae315"}
[2021-03-14 00:22:40] slim-app.INFO: Establiments - GET - getAll [] {"uid":"5b03725"}
[2021-03-14 00:22:46] slim-app.INFO: Establiments - POST - insert [] {"uid":"fd061b5"}
[2021-03-14 00:22:57] slim-app.INFO: Establiments - POST - insert [] {"uid":"f9a72fa"}
[2021-03-14 00:23:18] slim-app.INFO: Establiments - POST - insert [] {"uid":"2864cd7"}
[2021-03-14 00:24:24] slim-app.INFO: Establiments - POST - insert [] {"uid":"d269ada"}
[2021-03-14 00:24:54] slim-app.INFO: Establiments - POST - insert [] {"uid":"d9dbfe9"}
[2021-03-14 00:34:22] slim-app.INFO: Establiments - POST - insert [] {"uid":"5aff0f3"}
[2021-03-14 00:35:12] slim-app.INFO: Establiments - POST - insert [] {"uid":"fa9b31d"}
[2021-03-14 00:36:13] slim-app.INFO: Establiments - POST - insert [] {"uid":"06646fa"}
[2021-03-14 00:38:23] slim-app.INFO: Establiments - POST - insert [] {"uid":"679651f"}
[2021-03-14 00:39:53] slim-app.INFO: Establiments - POST - insert [] {"uid":"647fb04"}
[2021-03-14 00:40:02] slim-app.INFO: Establiments - POST - insert [] {"uid":"73b047b"}
[2021-03-14 00:40:54] slim-app.INFO: Establiments - POST - insert [] {"uid":"68c24a0"}
[2021-03-14 00:41:41] slim-app.INFO: Establiments - POST - insert [] {"uid":"c1373dd"}
[2021-03-14 00:42:00] slim-app.INFO: Establiments - POST - insert [] {"uid":"3455eab"}
[2021-03-14 00:49:19] slim-app.INFO: Establiments - GET - getAll [] {"uid":"6e3cfe9"}
[2021-03-14 00:50:27] slim-app.INFO: Establiments - GET - getAll [] {"uid":"c48aaab"}
[2021-03-14 00:50:32] slim-app.INFO: Establiments - GET - getAll [] {"uid":"c86ec2f"}
[2021-03-14 00:50:39] slim-app.INFO: Establiments - GET - getAll [] {"uid":"5e0b826"}
[2021-03-14 00:50:46] slim-app.INFO: Establiments - GET - getAll [] {"uid":"a1ce1b9"}
[2021-03-14 00:51:34] slim-app.INFO: Establiments - GET - getAll [] {"uid":"a53606d"}
[2021-03-14 00:51:50] slim-app.INFO: Establiments - GET - getAll [] {"uid":"bed0bc2"}
[2021-03-14 00:53:27] slim-app.INFO: Establiments - GET - getAll [] {"uid":"6a97658"}
[2021-03-14 00:53:49] slim-app.INFO: Establiments - POST - insert [] {"uid":"e02e233"}
[2021-03-14 00:55:41] slim-app.INFO: Establiments - POST - insert [] {"uid":"7ac0f1e"}
[2021-03-14 01:02:35] slim-app.INFO: Establiments - POST - insert [] {"uid":"fc0c703"}
[2021-03-14 01:06:14] slim-app.INFO: Establiments - POST - insert [] {"uid":"33a6ade"}
[2021-03-14 01:06:37] slim-app.INFO: Establiments - POST - insert [] {"uid":"2db334e"}
[2021-03-14 01:12:02] slim-app.INFO: Establiments - DELETE - delete [] {"uid":"76a2ee3"}
[2021-03-14 01:12:10] slim-app.INFO: Establiments - DELETE - delete [] {"uid":"60016b6"}
[2021-03-14 01:13:28] slim-app.INFO: Establiments - DELETE - delete [] {"uid":"5eb90bd"}
[2021-03-14 01:13:33] slim-app.INFO: Establiments - DELETE - delete [] {"uid":"9a3c7c4"}
[2021-03-14 01:23:12] slim-app.INFO: Establiments - GET - getAll [] {"uid":"8560d27"}
[2021-03-14 01:30:18] slim-app.INFO: Establiments - GET - getAll [] {"uid":"f468e89"}
[2021-03-14 01:30:53] slim-app.INFO: Establiments - GET - getAll [] {"uid":"c30ec65"}
[2021-03-14 01:32:29] slim-app.INFO: Establiments - GET - getAll [] {"uid":"cab51c5"}
[2021-03-14 01:32:38] slim-app.INFO: Establiments - GET - getAll [] {"uid":"b506604"}
[2021-03-14 01:34:25] slim-app.INFO: Establiments - GET - getAll [] {"uid":"44dbc7c"}
[2021-03-14 01:35:16] slim-app.INFO: Establiments - GET - getAll [] {"uid":"6ea6e4c"}
[2021-03-14 01:35:40] slim-app.INFO: Establiments - GET - getAll [] {"uid":"364115a"}
[2021-03-14 01:42:06] slim-app.INFO: Establiments - POST - insert [] {"uid":"faf1c3e"}
[2021-03-14 01:43:36] slim-app.INFO: Establiments - PUT - update [] {"uid":"fd754a8"}
[2021-03-14 01:48:37] slim-app.INFO: Establiments - PUT - update [] {"uid":"6e6c9a7"}
[2021-03-14 01:48:54] slim-app.INFO: Establiments - PUT - update [] {"uid":"9df71bb"}
[2021-03-14 01:49:19] slim-app.INFO: Establiments - PUT - update [] {"uid":"a8d456d"}
[2021-03-14 01:54:53] slim-app.INFO: Establiments - GET - getAll [] {"uid":"7f4cf0b"}
[2021-03-14 01:55:00] slim-app.INFO: Establiments - GET - getAll [] {"uid":"467f8a5"}
[2021-03-14 01:55:26] slim-app.INFO: Categoria Preus - GET - getAll [] {"uid":"090ff50"}
[2021-03-14 01:55:30] slim-app.INFO: Categoria Preus - GET - getAll [] {"uid":"d9020ad"}
[2021-03-14 01:55:58] slim-app.INFO: Categoria Preus - POST - insert [] {"uid":"c01ebcf"}
[2021-03-14 01:57:19] slim-app.INFO: Categoria Preus - DELETE - delete [] {"uid":"1d73377"}
[2021-03-14 01:57:34] slim-app.INFO: Categoria Preus - PUT - update [] {"uid":"079843b"}
[2021-03-14 01:57:42] slim-app.INFO: Categoria Preus - DELETE - delete [] {"uid":"33b212b"}
[2021-03-14 12:19:53] slim-app.INFO: Establiments - GET - getAll [] {"uid":"909b104"}
[2021-03-14 14:43:50] slim-app.INFO: Establiments - GET - getAll [] {"uid":"382324b"}
[2021-03-14 14:50:01] slim-app.INFO: Establiments - GET - getAll [] {"uid":"7d9bad1"}
[2021-03-14 14:50:11] slim-app.INFO: Establiments - GET - getAll [] {"uid":"6e47fa2"}
[2021-03-14 14:57:57] slim-app.INFO: Establiments - GET - getAll [] {"uid":"61f3ab1"}
[2021-03-14 14:59:01] slim-app.INFO: Establiments - GET - getAll [] {"uid":"75870f0"}
[2021-03-14 14:59:23] slim-app.INFO: Establiments - GET - getAll [] {"uid":"ba489f3"}
[2021-03-14 14:59:40] slim-app.INFO: Establiments - GET - getAll [] {"uid":"32ebd04"}
[2021-03-14 14:59:51] slim-app.INFO: Establiments - GET - getAll [] {"uid":"9d2cd81"}
[2021-03-14 15:06:42] slim-app.INFO: Establiments - GET - getAll [] {"uid":"b659534"}
[2021-03-14 15:15:28] slim-app.INFO: Establiment - GET - getAll [] {"uid":"11e5906"}
[2021-03-14 15:15:44] slim-app.INFO: Ruta per defecte [] {"uid":"be318a1"}
[2021-03-14 15:16:35] slim-app.INFO: Establiment - GET - getAll [] {"uid":"2759805"}
[2021-03-14 15:18:19] slim-app.INFO: Establiment - GET - getAll [] {"uid":"c0d44d4"}
[2021-03-14 15:18:32] slim-app.INFO: Categoria Preu - GET - getAll [] {"uid":"41efae3"}
[2021-03-14 15:18:39] slim-app.INFO: Categoria Preu - GET - getAll [] {"uid":"9d50ea5"}
[2021-03-14 15:25:52] slim-app.INFO: Categoria Preu - GET - getAll [] {"uid":"8a29bc9"}
[2021-03-14 15:25:59] slim-app.INFO: Categoria Preu - GET - getAll [] {"uid":"53704db"}
[2021-03-14 15:26:57] slim-app.INFO: Categoria Preu - POST - insert [] {"uid":"dd6ff7d"}
[2021-03-14 15:27:09] slim-app.INFO: Categoria Preu - GET - getAll [] {"uid":"ba33765"}
[2021-03-14 15:27:38] slim-app.INFO: Categoria Preu - PUT - update [] {"uid":"78ca7a9"}
[2021-03-14 15:27:45] slim-app.INFO: Categoria Preu - GET - getAll [] {"uid":"26c03f5"}
[2021-03-14 15:27:52] slim-app.INFO: Categoria Preu - DELETE - delete [] {"uid":"766bf1a"}
[2021-03-14 15:31:39] slim-app.INFO: Comentari - GET - getAll [] {"uid":"3d89c38"}
[2021-03-14 15:33:05] slim-app.INFO: Comentari - POST - insert [] {"uid":"0ba898c"}
[2021-03-14 15:33:22] slim-app.INFO: Comentari - GET - getAll [] {"uid":"142cebd"}
[2021-03-14 15:33:50] slim-app.INFO: Comentari - PUT - update [] {"uid":"8772e4e"}
[2021-03-14 15:34:30] slim-app.INFO: Comentari - PUT - update [] {"uid":"2aa115e"}
[2021-03-14 15:34:36] slim-app.INFO: Comentari - DELETE - delete [] {"uid":"b8c9231"}
[2021-03-14 15:34:48] slim-app.INFO: Comentari - POST - insert [] {"uid":"b3d23d0"}
[2021-03-14 15:35:08] slim-app.INFO: Establiment - GET - getAll [] {"uid":"4ccf29c"}
[2021-03-14 15:39:40] slim-app.INFO: Foto - GET - getAll [] {"uid":"9d2a2b0"}
[2021-03-14 15:39:55] slim-app.INFO: Foto - GET - getAll [] {"uid":"74e5354"}
[2021-03-14 15:41:00] slim-app.INFO: Foto - POST - insert [] {"uid":"a1f6078"}
[2021-03-14 15:41:15] slim-app.INFO: Foto - PUT - update [] {"uid":"99e8a7e"}
[2021-03-14 15:41:22] slim-app.INFO: Foto - DELETE - delete [] {"uid":"e246079"}
[2021-03-14 15:44:28] slim-app.INFO: Foto - GET - getAll [] {"uid":"553c00b"}
[2021-03-14 15:44:37] slim-app.INFO: Foto - POST - insert [] {"uid":"9f2d8c2"}
[2021-03-14 15:44:47] slim-app.INFO: Horari - POST - insert [] {"uid":"f425d8c"}
[2021-03-14 15:45:06] slim-app.INFO: Horari - PUT - update [] {"uid":"d94418c"}
[2021-03-14 15:45:38] slim-app.INFO: Horari - DELETE - delete [] {"uid":"ff9be53"}
[2021-03-14 15:50:16] slim-app.INFO: TipusCuina - GET - getAll [] {"uid":"be4626a"}
[2021-03-14 15:50:50] slim-app.INFO: TipusCuina - POST - insert [] {"uid":"04e6061"}
[2021-03-14 15:51:06] slim-app.INFO: TipusCuina - PUT - update [] {"uid":"70ffa1c"}
[2021-03-14 15:51:12] slim-app.INFO: TipusCuina - DELETE - delete [] {"uid":"e81cad1"}
[2021-03-14 15:57:29] slim-app.INFO: Usuaris - GET - getAll [] {"uid":"7f25b12"}
[2021-03-14 15:57:58] slim-app.INFO: Usuaris - GET - getAll [] {"uid":"9f890f3"}
[2021-03-14 15:58:46] slim-app.INFO: Usuaris - POST - insert [] {"uid":"2894bf2"}
[2021-03-14 15:59:10] slim-app.INFO: Usuaris - PUT - update [] {"uid":"bcf7943"}
[2021-03-14 15:59:15] slim-app.INFO: Usuaris - GET - getAll [] {"uid":"c7473a2"}
[2021-03-14 15:59:18] slim-app.INFO: Usuaris - DELETE - delete [] {"uid":"dcfabce"}
[2021-03-14 16:23:57] slim-app.INFO: Establiment - GET - getAll [] {"uid":"dc59a3b"}
[2021-03-14 16:24:03] slim-app.INFO: Establiment - GET - getAll [] {"uid":"7d29b50"}
[2021-03-14 16:24:08] slim-app.INFO: Establiment - GET - getSlider [] {"uid":"591ea9c"}
[2021-03-14 16:29:33] slim-app.INFO: Establiment - GET - getSlider [] {"uid":"f7890bb"}
[2021-03-14 16:32:40] slim-app.INFO: Establiment - GET - getSlider [] {"uid":"050c655"}
[2021-03-14 16:33:08] slim-app.INFO: Establiment - GET - getSlider [] {"uid":"f1e381e"}
[2021-03-14 16:33:28] slim-app.INFO: Establiment - GET - getSlider [] {"uid":"1bb65e1"}
[2021-03-14 16:33:39] slim-app.INFO: Establiment - GET - getSlider [] {"uid":"e57a879"}
[2021-03-14 16:34:46] slim-app.INFO: Establiment - GET - getSlider [] {"uid":"487d61e"}
[2021-03-14 16:35:11] slim-app.INFO: Establiment - GET - getAll [] {"uid":"d1c9aa8"}
[2021-03-14 16:35:17] slim-app.INFO: Establiment - GET - getSlider [] {"uid":"4ba322a"}
[2021-03-14 16:36:36] slim-app.INFO: Establiment - GET - getSlider [] {"uid":"4165db5"}
[2021-03-14 16:36:51] slim-app.INFO: Establiment - GET - getSlider [] {"uid":"b4afa19"}
[2021-03-14 16:37:03] slim-app.INFO: Establiment - GET - getSlider [] {"uid":"5fa9e5b"}
[2021-03-14 16:37:26] slim-app.INFO: Establiment - GET - getSlider [] {"uid":"62d9b97"}
[2021-03-14 16:38:49] slim-app.INFO: Foto - POST - insert [] {"uid":"1fa4fb9"}
[2021-03-14 16:38:59] slim-app.INFO: Establiment - GET - getSlider [] {"uid":"cd5fb79"}
[2021-03-14 16:53:40] slim-app.INFO: Establiment - GET - getSlider [] {"uid":"266507c"}
[2021-03-14 16:54:32] slim-app.INFO: Establiment - GET - getSlider [] {"uid":"ab6a0c0"}
[2021-03-14 16:56:08] slim-app.INFO: Establiment - GET - getSlider [] {"uid":"13aaa7e"}
[2021-03-14 17:36:14] slim-app.INFO: Establiment - GET - getSlider [] {"uid":"1ed2a2f"}
[2021-03-14 17:37:41] slim-app.INFO: Usuaris - POST - insert [] {"uid":"2b09662"}
[2021-03-14 17:39:40] slim-app.INFO: Usuaris - POST - insert [] {"uid":"e026cc9"}
[2021-03-14 17:40:03] slim-app.INFO: Usuaris - POST - insert [] {"uid":"86d6961"}
[2021-03-14 17:40:10] slim-app.INFO: Usuaris - POST - insert [] {"uid":"e4c1848"}
[2021-03-14 17:41:12] slim-app.INFO: Usuaris - POST - insert [] {"uid":"fadd462"}
[2021-03-14 17:44:15] slim-app.INFO: Usuaris - POST - insert [] {"uid":"eee4cf6"}
[2021-03-14 17:44:20] slim-app.INFO: Usuaris - POST - insert [] {"uid":"4e6ed7f"}
[2021-03-14 17:45:43] slim-app.INFO: Usuaris - POST - insert [] {"uid":"d6e6895"}
[2021-03-14 17:49:40] slim-app.INFO: Usuaris - POST - insert [] {"uid":"bbab473"}
[2021-03-14 17:50:20] slim-app.INFO: Usuaris - POST - insert [] {"uid":"af2df1b"}
[2021-03-14 18:06:52] slim-app.INFO: Establiment - GET - getAll [] {"uid":"eb37b7b"}
[2021-03-14 18:07:03] slim-app.INFO: Establiment - GET - getAll [] {"uid":"8f2cf05"}
[2021-03-14 18:07:07] slim-app.INFO: Establiment - GET - getAll [] {"uid":"62ca0f8"}
[2021-03-14 18:25:18] slim-app.INFO: TipusCuina - POST - insert [] {"uid":"d206dd8"}
[2021-03-14 18:26:08] slim-app.INFO: TipusCuina - POST - insert [] {"uid":"6d52d87"}
[2021-03-14 18:27:09] slim-app.INFO: TipusCuina - POST - insert [] {"uid":"06f7a06"}
[2021-03-14 18:27:23] slim-app.INFO: TipusCuina - POST - insert [] {"uid":"25cbd5a"}
[2021-03-14 18:28:15] slim-app.INFO: TipusCuina - POST - insert [] {"uid":"ba50685"}
[2021-03-14 18:28:34] slim-app.INFO: TipusCuina - POST - insert [] {"uid":"0845834"}
[2021-03-14 18:29:36] slim-app.INFO: TipusCuina - POST - insert [] {"uid":"474cbfb"}
[2021-03-14 18:29:59] slim-app.INFO: Establiment - GET - getAll [] {"uid":"35905e8"}
[2021-03-14 18:30:35] slim-app.INFO: TipusCuina - POST - insert [] {"uid":"91d4589"}
[2021-03-14 18:31:25] slim-app.INFO: Establiment - GET - getAll [] {"uid":"cf170df"}
[2021-03-14 18:33:55] slim-app.INFO: TipusCuina - POST - insert [] {"uid":"e132279"}
[2021-03-14 18:34:08] slim-app.INFO: Establiment - GET - getAll [] {"uid":"4537879"}
[2021-03-14 18:34:16] slim-app.INFO: Establiment - GET - getAll [] {"uid":"5aba37f"}
[2021-03-14 18:47:05] slim-app.INFO: Establiment - GET - getAll [] {"uid":"aa5e4e3"}
[2021-03-14 18:47:35] slim-app.INFO: Establiment - GET - getAll [] {"uid":"6cde224"}
[2021-03-14 19:16:25] slim-app.INFO: Establiment - GET - getAll [] {"uid":"80034dd"}
[2021-03-14 19:16:41] slim-app.INFO: Establiment - GET - getAll [] {"uid":"ecfc281"}
[2021-03-14 19:21:39] slim-app.INFO: Establiment - GET - getAll [] {"uid":"bbd1eaa"}
[2021-03-14 19:22:08] slim-app.INFO: Establiment - GET - getAll [] {"uid":"2103ef6"}
[2021-03-14 19:22:25] slim-app.INFO: Establiment - GET - getAll [] {"uid":"116aaae"}
[2021-03-14 19:22:49] slim-app.INFO: Establiment - GET - getAll [] {"uid":"89a66d2"}
[2021-03-14 19:40:06] slim-app.INFO: Establiment - GET - getAll [] {"uid":"8af1995"}
[2021-03-14 19:40:12] slim-app.INFO: Establiment - GET - getSlider [] {"uid":"df3be75"}
[2021-03-14 19:52:45] slim-app.INFO: Usuaris - POST - insert [] {"uid":"5748ad7"}
[2021-03-14 19:52:58] slim-app.INFO: Usuaris - POST - insert [] {"uid":"787a30e"}
[2021-03-14 19:53:07] slim-app.INFO: Usuaris - POST - insert [] {"uid":"c652891"}
[2021-03-14 19:53:10] slim-app.INFO: Usuaris - POST - insert [] {"uid":"4c69b3b"}
[2021-03-14 19:53:18] slim-app.INFO: Usuaris - POST - insert [] {"uid":"23b3cd2"}
[2021-03-14 19:57:15] slim-app.INFO: Usuaris - POST - insert [] {"uid":"19bcb21"}
[2021-03-14 20:03:14] slim-app.INFO: Establiment - GET - getSlider [] {"uid":"8e8fc15"}
[2021-03-14 20:16:43] slim-app.INFO: Establiment - GET - getSlider [] {"uid":"4c3ff77"}
[2021-03-14 20:18:28] slim-app.INFO: Establiment - GET - getSlider [] {"uid":"69aadb2"}
